<?xml version="1.0" encoding="UTF-8"?>
<testsuite name="com.liferay.selenium.SignInTest" tests="1" skipped="0" failures="0" errors="0" timestamp="2022-11-27T23:28:54" hostname="CN-9S589K3" time="3.556">
  <properties/>
  <testcase name="login()" classname="com.liferay.selenium.SignInTest" time="3.556"/>
  <system-out><![CDATA[]]></system-out>
  <system-err><![CDATA[SLF4J: Failed to load class "org.slf4j.impl.StaticLoggerBinder".
SLF4J: Defaulting to no-operation (NOP) logger implementation
SLF4J: See http://www.slf4j.org/codes.html#StaticLoggerBinder for further details.
Starting ChromeDriver 106.0.5249.61 (511755355844955cd3e264779baf0dd38212a4d0-refs/branch-heads/5249@{#569}) on port 2559
Only local connections are allowed.
Please see https://chromedriver.chromium.org/security-considerations for suggestions on keeping ChromeDriver safe.
ChromeDriver was started successfully.
[1669591734.578][SEVERE]: bind() failed: Cannot assign requested address (99)
]]></system-err>
</testsuite>
